<?xml version="1.0" encoding="UTF-8"?>
<!-- Generated by org.testng.reporters.JUnitXMLReporter -->
<testsuite hostname="Mahi" ignored="0" name="Application test" tests="3" failures="0" timestamp="30 Oct 2017 00:34:02 GMT" time="0.134" errors="0">
  <testcase name="loginTest" time="0.035" classname="testcases.AppkicationTest"/>
  <testcase name="passwordChangeTest" time="0.009" classname="testcases.AppkicationTest"/>
  <testcase name="logoutTest" time="0.009" classname="testcases.AppkicationTest"/>
</testsuite> <!-- Application test -->
