<?xml version="1.0" encoding="UTF-8"?>
<!-- Generated by org.testng.reporters.JUnitXMLReporter -->
<testsuite hostname="Mahi" ignored="0" name="Application test" tests="3" failures="0" timestamp="30 Oct 2017 01:49:47 GMT" time="0.159" errors="0">
  <testcase name="loginTest" time="0.016" classname="testcases.AppkicationTest"/>
  <testcase name="passwordChangeTest" time="0.003" classname="testcases.AppkicationTest"/>
  <testcase name="logoutTest" time="0.003" classname="testcases.AppkicationTest"/>
</testsuite> <!-- Application test -->
