<?xml version="1.0" encoding="UTF-8"?>
<testng-results skipped="0" failed="0" ignored="0" total="6" passed="6">
  <reporter-output>
  </reporter-output>
  <suite name="Learning TestNG" duration-ms="159" started-at="2017-10-30T01:49:47Z" finished-at="2017-10-30T01:49:47Z">
    <groups>
    </groups>
    <test name="Login Test" duration-ms="75" started-at="2017-10-30T01:49:47Z" finished-at="2017-10-30T01:49:47Z">
      <class name="testcases.LoginTest">
        <test-method status="PASS" signature="doLoginTest(java.lang.String, java.lang.String, java.lang.String, java.lang.String)[pri:0, instance:testcases.LoginTest@68be2bc2]" name="doLoginTest" duration-ms="18" started-at="2017-10-29T21:49:47Z" data-provider="getData" finished-at="2017-10-29T21:49:47Z">
          <params>
            <param index="0">
              <value>
                <![CDATA[U1]]>
              </value>
            </param>
            <param index="1">
              <value>
                <![CDATA[P1]]>
              </value>
            </param>
            <param index="2">
              <value>
                <![CDATA[pass]]>
              </value>
            </param>
            <param index="3">
              <value>
                <![CDATA[Mozilla]]>
              </value>
            </param>
          </params>
          <reporter-output>
          </reporter-output>
        </test-method> <!-- doLoginTest -->
        <test-method status="PASS" signature="doLoginTest(java.lang.String, java.lang.String, java.lang.String, java.lang.String)[pri:0, instance:testcases.LoginTest@68be2bc2]" name="doLoginTest" duration-ms="2" started-at="2017-10-29T21:49:47Z" data-provider="getData" finished-at="2017-10-29T21:49:47Z">
          <params>
            <param index="0">
              <value>
                <![CDATA[U1]]>
              </value>
            </param>
            <param index="1">
              <value>
                <![CDATA[P1]]>
              </value>
            </param>
            <param index="2">
              <value>
                <![CDATA[pass]]>
              </value>
            </param>
            <param index="3">
              <value>
                <![CDATA[Google]]>
              </value>
            </param>
          </params>
          <reporter-output>
          </reporter-output>
        </test-method> <!-- doLoginTest -->
      </class> <!-- testcases.LoginTest -->
    </test> <!-- Login Test -->
    <test name="Registration Test" duration-ms="115" started-at="2017-10-30T01:49:47Z" finished-at="2017-10-30T01:49:47Z">
      <class name="testcases.AppkicationTest">
        <test-method status="PASS" signature="beforeSuite()[pri:0, instance:testcases.AppkicationTest@50c87b21]" name="beforeSuite" is-config="true" duration-ms="19" started-at="2017-10-29T21:49:47Z" finished-at="2017-10-29T21:49:47Z">
          <reporter-output>
          </reporter-output>
        </test-method> <!-- beforeSuite -->
        <test-method status="PASS" signature="afterSuite()[pri:0, instance:testcases.AppkicationTest@50c87b21]" name="afterSuite" is-config="true" duration-ms="1" started-at="2017-10-29T21:49:47Z" finished-at="2017-10-29T21:49:47Z">
          <reporter-output>
          </reporter-output>
        </test-method> <!-- afterSuite -->
      </class> <!-- testcases.AppkicationTest -->
      <class name="testcases.RegisTest">
        <test-method status="PASS" signature="doRegisterTest()[pri:0, instance:testcases.RegisTest@c038203]" name="doRegisterTest" duration-ms="65" started-at="2017-10-29T21:49:47Z" finished-at="2017-10-29T21:49:47Z">
          <reporter-output>
          </reporter-output>
        </test-method> <!-- doRegisterTest -->
      </class> <!-- testcases.RegisTest -->
    </test> <!-- Registration Test -->
    <test name="Application test" duration-ms="159" started-at="2017-10-30T01:49:47Z" finished-at="2017-10-30T01:49:47Z">
      <class name="testcases.AppkicationTest">
        <test-method status="PASS" signature="beforeTest()[pri:0, instance:testcases.AppkicationTest@50c87b21]" name="beforeTest" is-config="true" duration-ms="0" started-at="2017-10-29T21:49:47Z" finished-at="2017-10-29T21:49:47Z">
          <reporter-output>
          </reporter-output>
        </test-method> <!-- beforeTest -->
        <test-method status="PASS" signature="beforeMethod()[pri:0, instance:testcases.AppkicationTest@50c87b21]" name="beforeMethod" is-config="true" duration-ms="0" started-at="2017-10-29T21:49:47Z" finished-at="2017-10-29T21:49:47Z">
          <reporter-output>
          </reporter-output>
        </test-method> <!-- beforeMethod -->
        <test-method status="PASS" signature="loginTest()[pri:1, instance:testcases.AppkicationTest@50c87b21]" name="loginTest" duration-ms="16" started-at="2017-10-29T21:49:47Z" finished-at="2017-10-29T21:49:47Z">
          <reporter-output>
          </reporter-output>
        </test-method> <!-- loginTest -->
        <test-method status="PASS" signature="afetrMethod()[pri:0, instance:testcases.AppkicationTest@50c87b21]" name="afetrMethod" is-config="true" duration-ms="1" started-at="2017-10-29T21:49:47Z" finished-at="2017-10-29T21:49:47Z">
          <reporter-output>
          </reporter-output>
        </test-method> <!-- afetrMethod -->
        <test-method status="PASS" signature="beforeMethod()[pri:0, instance:testcases.AppkicationTest@50c87b21]" name="beforeMethod" is-config="true" duration-ms="1" started-at="2017-10-29T21:49:47Z" finished-at="2017-10-29T21:49:47Z">
          <reporter-output>
          </reporter-output>
        </test-method> <!-- beforeMethod -->
        <test-method status="PASS" signature="passwordChangeTest()[pri:2, instance:testcases.AppkicationTest@50c87b21]" name="passwordChangeTest" duration-ms="3" started-at="2017-10-29T21:49:47Z" depends-on-methods="testcases.AppkicationTest.loginTest" finished-at="2017-10-29T21:49:47Z">
          <reporter-output>
          </reporter-output>
        </test-method> <!-- passwordChangeTest -->
        <test-method status="PASS" signature="afetrMethod()[pri:0, instance:testcases.AppkicationTest@50c87b21]" name="afetrMethod" is-config="true" duration-ms="1" started-at="2017-10-29T21:49:47Z" finished-at="2017-10-29T21:49:47Z">
          <reporter-output>
          </reporter-output>
        </test-method> <!-- afetrMethod -->
        <test-method status="PASS" signature="beforeMethod()[pri:0, instance:testcases.AppkicationTest@50c87b21]" name="beforeMethod" is-config="true" duration-ms="1" started-at="2017-10-29T21:49:47Z" finished-at="2017-10-29T21:49:47Z">
          <reporter-output>
          </reporter-output>
        </test-method> <!-- beforeMethod -->
        <test-method status="PASS" signature="logoutTest()[pri:3, instance:testcases.AppkicationTest@50c87b21]" name="logoutTest" duration-ms="3" started-at="2017-10-29T21:49:47Z" depends-on-methods="testcases.AppkicationTest.passwordChangeTest" finished-at="2017-10-29T21:49:47Z">
          <reporter-output>
          </reporter-output>
        </test-method> <!-- logoutTest -->
        <test-method status="PASS" signature="afetrMethod()[pri:0, instance:testcases.AppkicationTest@50c87b21]" name="afetrMethod" is-config="true" duration-ms="13" started-at="2017-10-29T21:49:47Z" finished-at="2017-10-29T21:49:47Z">
          <reporter-output>
          </reporter-output>
        </test-method> <!-- afetrMethod -->
        <test-method status="PASS" signature="afterTest()[pri:0, instance:testcases.AppkicationTest@50c87b21]" name="afterTest" is-config="true" duration-ms="3" started-at="2017-10-29T21:49:47Z" finished-at="2017-10-29T21:49:47Z">
          <reporter-output>
          </reporter-output>
        </test-method> <!-- afterTest -->
      </class> <!-- testcases.AppkicationTest -->
    </test> <!-- Application test -->
  </suite> <!-- Learning TestNG -->
</testng-results>
